<?xml version="1.0" encoding="UTF-8"?>
<testsuite xmlns:xsi="http://www.w3.org/2001/XMLSchema-instance" xsi:noNamespaceSchemaLocation="https://maven.apache.org/surefire/maven-surefire-plugin/xsd/surefire-test-report.xsd" version="3.0.2" name="com.example.jsonmodifier.JsonmodifierApplicationTests" time="2.154" tests="1" errors="0" skipped="0" failures="0">
  <properties>
[...]
</properties>
  <testcase name="contextLoads" classname="com.example.jsonmodifier.JsonmodifierApplicationTests" time="0.527">
    <system-out><![CDATA[09:03:03.294 [main] INFO org.springframework.test.context.support.AnnotationConfigContextLoaderUtils -- Could not detect default configuration classes for test class [com.example.jsonmodifier.JsonmodifierApplicationTests]: JsonmodifierApplicationTests does not declare any static, non-private, non-final, nested classes annotated with @Configuration.
09:03:03.371 [main] INFO org.springframework.boot.test.context.SpringBootTestContextBootstrapper -- Found @SpringBootConfiguration com.example.jsonmodifier.JsonmodifierApplication for test class com.example.jsonmodifier.JsonmodifierApplicationTests

  .   ____          _            __ _ _
 /\\ / ___'_ __ _ _(_)_ __  __ _ \ \ \ \
( ( )\___ | '_ | '_| | '_ \/ _` | \ \ \ \
 \\/  ___)| |_)| | | | | || (_| |  ) ) ) )
  '  |____| .__|_| |_|_| |_\__, | / / / /
 =========|_|==============|___/=/_/_/_/

 :: Spring Boot ::                (v3.5.0)

2025-06-16T09:03:03.762+02:00  INFO 41456 --- [jsonmodifier] [           main] c.e.j.JsonmodifierApplicationTests       : Starting JsonmodifierApplicationTests using Java 17.0.15 with PID 41456 (started by rober in E:\Carreer\Java - JSON RW)
2025-06-16T09:03:03.765+02:00  INFO 41456 --- [jsonmodifier] [           main] c.e.j.JsonmodifierApplicationTests       : No active profile set, falling back to 1 default profile: "default"
2025-06-16T09:03:04.814+02:00  INFO 41456 --- [jsonmodifier] [           main] c.e.j.JsonmodifierApplicationTests       : Started JsonmodifierApplicationTests in 1.333 seconds (process running for 1.932)
]]></system-out>
  </testcase>
</testsuite>